<?xml version="1.0" encoding="UTF-8"?>
<!-- Generated by org.testng.reporters.JUnitReportReporter -->
<testsuite skipped="0" hostname="IN2109299W2" name="ParallelExecution.Parallel" tests="1" failures="0" timestamp="14 Aug 2019 11:30:33 GMT" time="27.258" errors="0">
  <testcase name="testMethodsOne" time="27.258" classname="ParallelExecution.Parallel"/>
</testsuite> <!-- ParallelExecution.Parallel -->
