<?xml version="1.0" encoding="UTF-8"?>
<!-- Generated by org.testng.reporters.JUnitReportReporter -->
<testsuite skipped="0" hostname="IN2109299W2" name="Test.TestNG" tests="2" failures="0" timestamp="11 Jun 2019 07:04:31 GMT" time="0.023" errors="0">
  <testcase name="demo" time="0.023" classname="Test.TestNG"/>
  <testcase name="test" time="0.000" classname="Test.TestNG"/>
</testsuite> <!-- Test.TestNG -->
